<?xml version="1.0" encoding="utf-8"?><testsuites name="pytest tests"><testsuite name="pytest" errors="0" failures="0" skipped="0" tests="23" time="3.274" timestamp="2026-05-10T22:22:18.102504+00:00" hostname="agent-env-39de2a3e-f895-4aa9-ab84-20f8726158f5"><testcase classname="test_hydromanager" name="test_health" time="0.282" /><testcase classname="test_hydromanager" name="test_login_returns_dev_otp" time="0.277" /><testcase classname="test_hydromanager" name="test_login_bad_password" time="0.268" /><testcase classname="test_hydromanager" name="test_verify_otp" time="0.063" /><testcase classname="test_hydromanager" name="test_verify_bad_otp" time="0.150" /><testcase classname="test_hydromanager" name="test_me" time="0.050" /><testcase classname="test_hydromanager" name="test_protected_without_token" time="0.107" /><testcase classname="test_hydromanager" name="test_dashboard" time="0.051" /><testcase classname="test_hydromanager" name="test_create_daily" time="0.088" /><testcase classname="test_hydromanager" name="test_get_daily_today" time="0.047" /><testcase classname="test_hydromanager" name="test_create_weekly" time="0.061" /><testcase classname="test_hydromanager" name="test_create_monthly" time="0.062" /><testcase classname="test_hydromanager" name="test_seeded_crops" time="0.049" /><testcase classname="test_hydromanager" name="test_create_crop" time="0.053" /><testcase classname="test_hydromanager" name="test_delete_crop" time="0.051" /><testcase classname="test_hydromanager" name="test_create_reminder" time="0.063" /><testcase classname="test_hydromanager" name="test_list_reminders" time="0.055" /><testcase classname="test_hydromanager" name="test_delete_reminder" time="0.099" /><testcase classname="test_hydromanager" name="test_calendar_range" time="0.049" /><testcase classname="test_hydromanager" name="test_calendar_day" time="0.050" /><testcase classname="test_hydromanager" name="test_list_users" time="0.049" /><testcase classname="test_hydromanager" name="test_invite_user" time="0.325" /><testcase classname="test_hydromanager" name="test_max_users_enforced" time="0.746" /></testsuite></testsuites>